C2S0110 1000
DENSITY_PRINT_FILES
0 0 33 Aug 26 17:36:27 2025
density_logs/AA_C_1_COV.log
density_logs/AA_C_3_COV.log
density_logs/AA_C_5_COV.log
density_logs/AA_C_8_COV.log
density_logs/AA_C_10_cov.log
density_logs/GC_C_1_COV.log
density_logs/GC_C_2_COV.log
density_logs/GC_C_4_COV.log
density_logs/GC_C_6_COV.log
density_logs/M1_C_1_COV.log
density_logs/M1_C_4_COV.log
density_logs/M1.C.2.log
density_logs/M1.C.3.log
density_logs/M1.C.5.log
density_logs/M2_C_1_COV.log
density_logs/M2_C_4_COV.log
density_logs/M2.C.2.log
density_logs/M2.C.3.log
density_logs/M3_C_1_COV.log
density_logs/M3_C_4_COV.log
density_logs/M3.C.2.log
density_logs/M3.C.3.log
density_logs/ML_C_1_COV.log
density_logs/ML_C_2_COV.log
density_logs/ML_C_4_COV.log
density_logs/MIM_C_1_COV.log
density_logs/MIM_C_2_COV.log
density_logs/MIM_C_3_COV.log
density_logs/MIM_C_4_COV.log
density_logs/PD_C_2_COV.log
density_logs/PD_C_1_PADV2_COV.log
density_logs/PD_C_1_PADV3_COV.log
density_logs/PD_C_1_PADVL_COV.log
