********************************************************************************
Product   : Virtuoso(R) XStream Out
Program   : @(#)$CDS: strmout version 6.1.8-64b 04/27/2021 19:14 (cpgsrv11) $
          : sub-version  IC6.1.8-64b.500.18 
Started at: 26-Aug-2025  17:38:01
User Name : CHIPS
Host Name : vlsilabserver.pes.edu
Directory : /home/CHIPS/Music/PROJECTS/MAC/work_libs/CHIPS/cds
CADENCE Design Systems, Inc.
********************************************************************************
Info: Cellview Rev Num:99,  Tech Rev Num:59

INFO (XSTRM-217): Reading the layer map file, /home/CHIPS/Music/PROJECTS/MAC/cds_master/SCLSL18_4M1L/ts018_scl_prim/ts018_scl_prim.layermap
INFO (XSTRM-217): Reading the object map file, /home/CHIPS/Music/PROJECTS/MAC/cds_master/SCLSL18_4M1L/ts018_scl_prim/ts018_scl_prim.objectmap
INFO (XSTRM-162): You have not used the viaMap option. If the OpenAccess design has native oaVia instances, use the -viaMap option for preserving oaVia instances in a Stream Out - Stream In round trip. Using the -viaMap option improves performance and VM usage of applications using the Streamed-In design.  For details on the viaMap option, refer to the "Design Data Translator's Reference" guide for XStream.

Summary of Options :
library                                 dlfloat_with_dummy
strmFile                                C2S0110_26082025_v4.gds
topCell                                 C2S0110
view                                    layout
logFile                                 C2S0110_26082025_v4_strmOut.log
techLib                                 ts018_scl_prim
layerMap                                /home/CHIPS/Music/PROJECTS/MAC/cds_master/SCLSL18_4M1L/ts018_scl_prim/ts018_scl_prim.layermap
objectMap                                /home/CHIPS/Music/PROJECTS/MAC/cds_master/SCLSL18_4M1L/ts018_scl_prim/ts018_scl_prim.objectmap
case                                    Preserve
convertDot                              node

INFO (XSTRM-223): 1. Translating cellView dlfloat_ssd_import/inv0d2/layout as STRUCTURE inv0d2.
INFO (XSTRM-223): 2. Translating cellView dlfloat_ssd_import/inv0d1/layout as STRUCTURE inv0d1.
INFO (XSTRM-223): 3. Translating cellView dlfloat_ssd_import/buffd3/layout as STRUCTURE buffd3.
INFO (XSTRM-223): 4. Translating cellView dlfloat_ssd_import/buffd1/layout as STRUCTURE buffd1.
INFO (XSTRM-223): 5. Translating cellView dlfloat_ssd_import/oan211d1/layout as STRUCTURE oan211d1.
INFO (XSTRM-223): 6. Translating cellView dlfloat_ssd_import/nd02d1/layout as STRUCTURE nd02d1.
INFO (XSTRM-223): 7. Translating cellView dlfloat_ssd_import/nr02d1/layout as STRUCTURE nr02d1.
INFO (XSTRM-223): 8. Translating cellView dlfloat_ssd_import/ad01d0/layout as STRUCTURE ad01d0.
INFO (XSTRM-223): 9. Translating cellView dlfloat_ssd_import/oai221d1/layout as STRUCTURE oai221d1.
INFO (XSTRM-223): 10. Translating cellView dlfloat_ssd_import/oai211d1/layout as STRUCTURE oai211d1.
INFO (XSTRM-223): 11. Translating cellView dlfloat_ssd_import/oai31d1/layout as STRUCTURE oai31d1.
INFO (XSTRM-223): 12. Translating cellView dlfloat_ssd_import/oai222d1/layout as STRUCTURE oai222d1.
INFO (XSTRM-223): 13. Translating cellView dlfloat_ssd_import/aor211d1/layout as STRUCTURE aor211d1.
INFO (XSTRM-223): 14. Translating cellView dlfloat_ssd_import/aoi22d1/layout as STRUCTURE aoi22d1.
INFO (XSTRM-223): 15. Translating cellView dlfloat_ssd_import/oai21d1/layout as STRUCTURE oai21d1.
INFO (XSTRM-223): 16. Translating cellView dlfloat_ssd_import/aon211d1/layout as STRUCTURE aon211d1.
INFO (XSTRM-223): 17. Translating cellView dlfloat_ssd_import/nr02d0/layout as STRUCTURE nr02d0.
INFO (XSTRM-223): 18. Translating cellView dlfloat_ssd_import/inv0d0/layout as STRUCTURE inv0d0.
INFO (XSTRM-223): 19. Translating cellView dlfloat_ssd_import/aoim21d1/layout as STRUCTURE aoim21d1.
INFO (XSTRM-223): 20. Translating cellView dlfloat_ssd_import/ad01d1/layout as STRUCTURE ad01d1.
INFO (XSTRM-223): 21. Translating cellView dlfloat_ssd_import/nr04d1/layout as STRUCTURE nr04d1.
INFO (XSTRM-223): 22. Translating cellView dlfloat_ssd_import/aoi321d1/layout as STRUCTURE aoi321d1.
INFO (XSTRM-223): 23. Translating cellView dlfloat_ssd_import/aor31d1/layout as STRUCTURE aor31d1.
INFO (XSTRM-223): 24. Translating cellView dlfloat_ssd_import/aoim22d1/layout as STRUCTURE aoim22d1.
INFO (XSTRM-223): 25. Translating cellView dlfloat_ssd_import/nd03d1/layout as STRUCTURE nd03d1.
INFO (XSTRM-223): 26. Translating cellView dlfloat_ssd_import/oai321d1/layout as STRUCTURE oai321d1.
INFO (XSTRM-223): 27. Translating cellView dlfloat_ssd_import/ah01d1/layout as STRUCTURE ah01d1.
INFO (XSTRM-223): 28. Translating cellView dlfloat_ssd_import/nd04d1/layout as STRUCTURE nd04d1.
INFO (XSTRM-223): 29. Translating cellView dlfloat_ssd_import/oaim21d1/layout as STRUCTURE oaim21d1.
INFO (XSTRM-223): 30. Translating cellView dlfloat_ssd_import/aoi31d1/layout as STRUCTURE aoi31d1.
INFO (XSTRM-223): 31. Translating cellView dlfloat_ssd_import/nd03d0/layout as STRUCTURE nd03d0.
INFO (XSTRM-223): 32. Translating cellView dlfloat_ssd_import/aoi211d1/layout as STRUCTURE aoi211d1.
INFO (XSTRM-223): 33. Translating cellView dlfloat_ssd_import/oai22d1/layout as STRUCTURE oai22d1.
INFO (XSTRM-223): 34. Translating cellView dlfloat_ssd_import/nd02d0/layout as STRUCTURE nd02d0.
INFO (XSTRM-223): 35. Translating cellView dlfloat_ssd_import/nr03d1/layout as STRUCTURE nr03d1.
INFO (XSTRM-223): 36. Translating cellView dlfloat_ssd_import/aoi21d1/layout as STRUCTURE aoi21d1.
INFO (XSTRM-223): 37. Translating cellView dlfloat_ssd_import/an02d1/layout as STRUCTURE an02d1.
INFO (XSTRM-223): 38. Translating cellView dlfloat_ssd_import/oaim22d1/layout as STRUCTURE oaim22d1.
INFO (XSTRM-223): 39. Translating cellView dlfloat_ssd_import/mx02d1/layout as STRUCTURE mx02d1.
INFO (XSTRM-223): 40. Translating cellView dlfloat_ssd_import/aor21d1/layout as STRUCTURE aor21d1.
INFO (XSTRM-223): 41. Translating cellView dlfloat_ssd_import/aoi311d1/layout as STRUCTURE aoi311d1.
INFO (XSTRM-223): 42. Translating cellView dlfloat_ssd_import/aoi221d1/layout as STRUCTURE aoi221d1.
INFO (XSTRM-223): 43. Translating cellView dlfloat_ssd_import/cg01d1/layout as STRUCTURE cg01d1.
INFO (XSTRM-223): 44. Translating cellView dlfloat_ssd_import/oai322d1/layout as STRUCTURE oai322d1.
INFO (XSTRM-223): 45. Translating cellView dlfloat_ssd_import/or02d1/layout as STRUCTURE or02d1.
INFO (XSTRM-223): 46. Translating cellView dlfloat_ssd_import/an03d1/layout as STRUCTURE an03d1.
INFO (XSTRM-223): 47. Translating cellView dlfloat_ssd_import/nd12d1/layout as STRUCTURE nd12d1.
INFO (XSTRM-223): 48. Translating cellView dlfloat_ssd_import/an04d1/layout as STRUCTURE an04d1.
INFO (XSTRM-223): 49. Translating cellView dlfloat_ssd_import/an03d0/layout as STRUCTURE an03d0.
INFO (XSTRM-223): 50. Translating cellView dlfloat_ssd_import/aor22d1/layout as STRUCTURE aor22d1.
INFO (XSTRM-223): 51. Translating cellView dlfloat_ssd_import/or04d1/layout as STRUCTURE or04d1.
INFO (XSTRM-223): 52. Translating cellView dlfloat_ssd_import/nr03d0/layout as STRUCTURE nr03d0.
INFO (XSTRM-223): 53. Translating cellView dlfloat_ssd_import/nr04d0/layout as STRUCTURE nr04d0.
INFO (XSTRM-223): 54. Translating cellView dlfloat_ssd_import/aoi222d1/layout as STRUCTURE aoi222d1.
INFO (XSTRM-223): 55. Translating cellView dlfloat_ssd_import/invbd2/layout as STRUCTURE invbd2.
INFO (XSTRM-223): 56. Translating cellView dlfloat_ssd_import/nd12d0/layout as STRUCTURE nd12d0.
INFO (XSTRM-223): 57. Translating cellView dlfloat_ssd_import/or02d0/layout as STRUCTURE or02d0.
INFO (XSTRM-223): 58. Translating cellView dlfloat_ssd_import/or04d0/layout as STRUCTURE or04d0.
INFO (XSTRM-223): 59. Translating cellView dlfloat_ssd_import/an12d1/layout as STRUCTURE an12d1.
INFO (XSTRM-223): 60. Translating cellView dlfloat_ssd_import/nd13d1/layout as STRUCTURE nd13d1.
INFO (XSTRM-223): 61. Translating cellView dlfloat_ssd_import/nr02d2/layout as STRUCTURE nr02d2.
INFO (XSTRM-223): 62. Translating cellView dlfloat_ssd_import/nd02d2/layout as STRUCTURE nd02d2.
INFO (XSTRM-223): 63. Translating cellView dlfloat_ssd_import/oaim31d1/layout as STRUCTURE oaim31d1.
INFO (XSTRM-223): 64. Translating cellView dlfloat_ssd_import/nr13d1/layout as STRUCTURE nr13d1.
INFO (XSTRM-223): 65. Translating cellView dlfloat_ssd_import/nd03d2/layout as STRUCTURE nd03d2.
INFO (XSTRM-223): 66. Translating cellView dlfloat_ssd_import/aor22d2/layout as STRUCTURE aor22d2.
INFO (XSTRM-223): 67. Translating cellView dlfloat_ssd_import/oaim211d1/layout as STRUCTURE oaim211d1.
INFO (XSTRM-223): 68. Translating cellView dlfloat_ssd_import/oaim311d1/layout as STRUCTURE oaim311d1.
INFO (XSTRM-223): 69. Translating cellView dlfloat_ssd_import/nd12d2/layout as STRUCTURE nd12d2.
INFO (XSTRM-223): 70. Translating cellView dlfloat_ssd_import/aon211d2/layout as STRUCTURE aon211d2.
INFO (XSTRM-223): 71. Translating cellView dlfloat_ssd_import/nd04d0/layout as STRUCTURE nd04d0.
INFO (XSTRM-223): 72. Translating cellView dlfloat_ssd_import/xr03d1/layout as STRUCTURE xr03d1.
INFO (XSTRM-223): 73. Translating cellView dlfloat_ssd_import/cg01d0/layout as STRUCTURE cg01d0.
INFO (XSTRM-223): 74. Translating cellView dlfloat_ssd_import/xr02d1/layout as STRUCTURE xr02d1.
INFO (XSTRM-223): 75. Translating cellView dlfloat_ssd_import/oai311d1/layout as STRUCTURE oai311d1.
INFO (XSTRM-223): 76. Translating cellView dlfloat_ssd_import/aor221d1/layout as STRUCTURE aor221d1.
INFO (XSTRM-223): 77. Translating cellView dlfloat_ssd_import/aoim31d1/layout as STRUCTURE aoim31d1.
INFO (XSTRM-223): 78. Translating cellView dlfloat_ssd_import/inv0d4/layout as STRUCTURE inv0d4.
INFO (XSTRM-223): 79. Translating cellView dlfloat_ssd_import/aoi322d1/layout as STRUCTURE aoi322d1.
INFO (XSTRM-223): 80. Translating cellView dlfloat_ssd_import/an03d2/layout as STRUCTURE an03d2.
INFO (XSTRM-223): 81. Translating cellView dlfloat_ssd_import/aoi22d4/layout as STRUCTURE aoi22d4.
INFO (XSTRM-223): 82. Translating cellView dlfloat_ssd_import/aoim22d2/layout as STRUCTURE aoim22d2.
INFO (XSTRM-223): 83. Translating cellView dlfloat_ssd_import/an02d0/layout as STRUCTURE an02d0.
INFO (XSTRM-223): 84. Translating cellView dlfloat_ssd_import/xn02d1/layout as STRUCTURE xn02d1.
INFO (XSTRM-223): 85. Translating cellView dlfloat_ssd_import/buffd2/layout as STRUCTURE buffd2.
INFO (XSTRM-223): 86. Translating cellView dlfloat_ssd_import/oaim22d2/layout as STRUCTURE oaim22d2.
INFO (XSTRM-223): 87. Translating cellView dlfloat_ssd_import/aor22d4/layout as STRUCTURE aor22d4.
INFO (XSTRM-223): 88. Translating cellView dlfloat_ssd_import/xn02d2/layout as STRUCTURE xn02d2.
INFO (XSTRM-223): 89. Translating cellView dlfloat_ssd_import/oaim22d4/layout as STRUCTURE oaim22d4.
INFO (XSTRM-223): 90. Translating cellView dlfloat_ssd_import/invbd4/layout as STRUCTURE invbd4.
INFO (XSTRM-223): 91. Translating cellView dlfloat_ssd_import/ora211d1/layout as STRUCTURE ora211d1.
INFO (XSTRM-223): 92. Translating cellView dlfloat_ssd_import/oaim211d4/layout as STRUCTURE oaim211d4.
INFO (XSTRM-223): 93. Translating cellView dlfloat_ssd_import/an12d4/layout as STRUCTURE an12d4.
INFO (XSTRM-223): 94. Translating cellView dlfloat_ssd_import/ora21d1/layout as STRUCTURE ora21d1.
INFO (XSTRM-223): 95. Translating cellView dlfloat_ssd_import/aor222d1/layout as STRUCTURE aor222d1.
INFO (XSTRM-223): 96. Translating cellView dlfloat_ssd_import/oaim2m11d1/layout as STRUCTURE oaim2m11d1.
INFO (XSTRM-223): 97. Translating cellView dlfloat_ssd_import/aoim211d1/layout as STRUCTURE aoim211d1.
INFO (XSTRM-223): 98. Translating cellView dlfloat_ssd_import/aoi21d2/layout as STRUCTURE aoi21d2.
INFO (XSTRM-223): 99. Translating cellView dlfloat_ssd_import/or03d1/layout as STRUCTURE or03d1.
INFO (XSTRM-223): 100. Translating cellView dlfloat_ssd_import/ora211d2/layout as STRUCTURE ora211d2.
INFO (XSTRM-223): 101. Translating cellView dlfloat_ssd_import/an12d2/layout as STRUCTURE an12d2.
INFO (XSTRM-223): 102. Translating cellView dlfloat_ssd_import/aor21d2/layout as STRUCTURE aor21d2.
INFO (XSTRM-223): 103. Translating cellView dlfloat_ssd_import/an02d2/layout as STRUCTURE an02d2.
INFO (XSTRM-223): 104. Translating cellView dlfloat_ssd_import/mx02d2/layout as STRUCTURE mx02d2.
INFO (XSTRM-223): 105. Translating cellView dlfloat_ssd_import/su01d1/layout as STRUCTURE su01d1.
INFO (XSTRM-223): 106. Translating cellView dlfloat_ssd_import/oaim21d4/layout as STRUCTURE oaim21d4.
INFO (XSTRM-223): 107. Translating cellView dlfloat_ssd_import/aoi22d2/layout as STRUCTURE aoi22d2.
INFO (XSTRM-223): 108. Translating cellView dlfloat_ssd_import/an04d2/layout as STRUCTURE an04d2.
INFO (XSTRM-223): 109. Translating cellView dlfloat_ssd_import/aoim2m11d1/layout as STRUCTURE aoim2m11d1.
INFO (XSTRM-223): 110. Translating cellView dlfloat_ssd_import/ad01d2/layout as STRUCTURE ad01d2.
INFO (XSTRM-223): 111. Translating cellView dlfloat_ssd_import/nr23d2/layout as STRUCTURE nr23d2.
INFO (XSTRM-223): 112. Translating cellView dlfloat_ssd_import/nd13d2/layout as STRUCTURE nd13d2.
INFO (XSTRM-223): 113. Translating cellView dlfloat_ssd_import/or03d0/layout as STRUCTURE or03d0.
INFO (XSTRM-223): 114. Translating cellView dlfloat_ssd_import/dfnrq1/layout as STRUCTURE dfnrq1.
INFO (XSTRM-223): 115. Translating cellView dlfloat_ssd_import/inv0d7/layout as STRUCTURE inv0d7.
INFO (XSTRM-223): 116. Translating cellView dlfloat_ssd_import/nd23d1/layout as STRUCTURE nd23d1.
INFO (XSTRM-223): 117. Translating cellView dlfloat_ssd_import/aor311d1/layout as STRUCTURE aor311d1.
INFO (XSTRM-223): 118. Translating cellView dlfloat_ssd_import/an02d7/layout as STRUCTURE an02d7.
INFO (XSTRM-223): 119. Translating cellView dlfloat_ssd_import/aoi31d2/layout as STRUCTURE aoi31d2.
INFO (XSTRM-223): 120. Translating cellView dlfloat_ssd_import/an02d4/layout as STRUCTURE an02d4.
INFO (XSTRM-223): 121. Translating cellView dlfloat_ssd_import/dfcrq1/layout as STRUCTURE dfcrq1.
INFO (XSTRM-223): 122. Translating cellView dlfloat_ssd_import/subil_m_cc/layout as STRUCTURE subil_m_cc.
INFO (XSTRM-223): 123. Translating cellView dlfloat_ssd_import/subil_clkpngatering/layout as STRUCTURE subil_clkpngatering.
INFO (XSTRM-223): 124. Translating cellView dlfloat_ssd_import/subil_pnclkbasebuff/layout as STRUCTURE subil_pnclkbasebuff.
INFO (XSTRM-223): 125. Translating cellView dlfloat_ssd_import/subil_pnclkbuff/layout as STRUCTURE subil_pnclkbuff.
INFO (XSTRM-223): 126. Translating cellView dlfloat_ssd_import/subil_m_via2/layout as STRUCTURE subil_m_via2.
INFO (XSTRM-223): 127. Translating cellView dlfloat_ssd_import/subil_m_via/layout as STRUCTURE subil_m_via.
INFO (XSTRM-223): 128. Translating cellView dlfloat_ssd_import/subil_m_via3/layout as STRUCTURE subil_m_via3.
INFO (XSTRM-223): 129. Translating cellView dlfloat_ssd_import/subil_pp18clkdrive/layout as STRUCTURE subil_pp18clkdrive.
INFO (XSTRM-223): 130. Translating cellView dlfloat_ssd_import/subil_m_via5/layout as STRUCTURE subil_m_via5.
INFO (XSTRM-223): 131. Translating cellView dlfloat_ssd_import/subil_m_via4/layout as STRUCTURE subil_m_via4.
INFO (XSTRM-223): 132. Translating cellView dlfloat_ssd_import/subil_clkpowermetal/layout as STRUCTURE subil_clkpowermetal.
INFO (XSTRM-223): 133. Translating cellView dlfloat_ssd_import/subil_dio46/layout as STRUCTURE subil_dio46.
INFO (XSTRM-223): 134. Translating cellView dlfloat_ssd_import/subil_m_ccp/layout as STRUCTURE subil_m_ccp.
INFO (XSTRM-223): 135. Translating cellView dlfloat_ssd_import/subil_pp18clkout/layout as STRUCTURE subil_pp18clkout.
INFO (XSTRM-223): 136. Translating cellView dlfloat_ssd_import/subil_pp18clkin/layout as STRUCTURE subil_pp18clkin.
INFO (XSTRM-223): 137. Translating cellView dlfloat_ssd_import/subil_pp18clkinout/layout as STRUCTURE subil_pp18clkinout.
INFO (XSTRM-223): 138. Translating cellView dlfloat_ssd_import/subil_clk1x/layout as STRUCTURE subil_clk1x.
INFO (XSTRM-223): 139. Translating cellView dlfloat_ssd_import/subil_clkppgatebotring/layout as STRUCTURE subil_clkppgatebotring.
INFO (XSTRM-223): 140. Translating cellView dlfloat_ssd_import/subil_clkppbasebuff/layout as STRUCTURE subil_clkppbasebuff.
INFO (XSTRM-223): 141. Translating cellView dlfloat_ssd_import/subil_clkppgatering/layout as STRUCTURE subil_clkppgatering.
INFO (XSTRM-223): 142. Translating cellView dlfloat_ssd_import/subil_ppclkbuff/layout as STRUCTURE subil_ppclkbuff.
INFO (XSTRM-223): 143. Translating cellView dlfloat_ssd_import/subil_clkblockcell/layout as STRUCTURE subil_clkblockcell.
INFO (XSTRM-223): 144. Translating cellView dlfloat_ssd_import/pc3c01/layout as STRUCTURE pc3c01.
INFO (XSTRM-223): 145. Translating cellView dlfloat_ssd_import/subil_nwellres/layout as STRUCTURE subil_nwellres.
INFO (XSTRM-223): 146. Translating cellView dlfloat_ssd_import/subil_pdwellbias/layout as STRUCTURE subil_pdwellbias.
INFO (XSTRM-223): 147. Translating cellView dlfloat_ssd_import/M2_M1$$44663852/layout as STRUCTURE M2_M1$$44663852.
INFO (XSTRM-223): 148. Translating cellView dlfloat_ssd_import/M2_M1$$44656684/layout as STRUCTURE M2_M1$$44656684.
INFO (XSTRM-223): 149. Translating cellView dlfloat_ssd_import/via12$$44654636/layout as STRUCTURE via12$$44654636.
INFO (XSTRM-223): 150. Translating cellView dlfloat_ssd_import/via12$$44653612/layout as STRUCTURE via12$$44653612.
INFO (XSTRM-223): 151. Translating cellView dlfloat_ssd_import/M1_PO$$46625836/layout as STRUCTURE M1_PO$$46625836.
INFO (XSTRM-223): 152. Translating cellView dlfloat_ssd_import/rpmpoly2t$$44660780/layout as STRUCTURE rpmpoly2t$$44660780.
INFO (XSTRM-223): 153. Translating cellView dlfloat_ssd_import/subil_pp18input01/layout as STRUCTURE subil_pp18input01.
INFO (XSTRM-223): 154. Translating cellView dlfloat_ssd_import/subil_preside/layout as STRUCTURE subil_preside.
INFO (XSTRM-223): 155. Translating cellView dlfloat_ssd_import/M2_M1$$46623788/layout as STRUCTURE M2_M1$$46623788.
INFO (XSTRM-223): 156. Translating cellView dlfloat_ssd_import/M3_M2$$46622764/layout as STRUCTURE M3_M2$$46622764.
INFO (XSTRM-223): 157. Translating cellView dlfloat_ssd_import/M3_M2$$46621740/layout as STRUCTURE M3_M2$$46621740.
INFO (XSTRM-223): 158. Translating cellView dlfloat_ssd_import/subil_ppdrive/layout as STRUCTURE subil_ppdrive.
INFO (XSTRM-223): 159. Translating cellView dlfloat_ssd_import/subil_p18vdd32/layout as STRUCTURE subil_p18vdd32.
INFO (XSTRM-223): 160. Translating cellView dlfloat_ssd_import/subil_vddring/layout as STRUCTURE subil_vddring.
INFO (XSTRM-223): 161. Translating cellView dlfloat_ssd_import/subil_vddcell1/layout as STRUCTURE subil_vddcell1.
INFO (XSTRM-223): 162. Translating cellView dlfloat_ssd_import/M2_M1$$44664876/layout as STRUCTURE M2_M1$$44664876.
INFO (XSTRM-223): 163. Translating cellView dlfloat_ssd_import/M2_M1$$46617644/layout as STRUCTURE M2_M1$$46617644.
INFO (XSTRM-223): 164. Translating cellView dlfloat_ssd_import/subil_pp18esdinp/layout as STRUCTURE subil_pp18esdinp.
INFO (XSTRM-223): 165. Translating cellView dlfloat_ssd_import/subil_pddrive01/layout as STRUCTURE subil_pddrive01.
INFO (XSTRM-223): 166. Translating cellView dlfloat_ssd_import/M3_M2$$44666924/layout as STRUCTURE M3_M2$$44666924.
INFO (XSTRM-223): 167. Translating cellView dlfloat_ssd_import/subil_pcd21con/layout as STRUCTURE subil_pcd21con.
INFO (XSTRM-223): 168. Translating cellView dlfloat_ssd_import/subil_pdblockcell/layout as STRUCTURE subil_pdblockcell.
INFO (XSTRM-223): 169. Translating cellView dlfloat_ssd_import/subil_psegment/layout as STRUCTURE subil_psegment.
INFO (XSTRM-223): 170. Translating cellView dlfloat_ssd_import/subil_cornerarray/layout as STRUCTURE subil_cornerarray.
INFO (XSTRM-223): 171. Translating cellView dlfloat_ssd_import/subil_via2array/layout as STRUCTURE subil_via2array.
INFO (XSTRM-223): 172. Translating cellView dlfloat_ssd_import/subil_via1array/layout as STRUCTURE subil_via1array.
INFO (XSTRM-223): 173. Translating cellView dlfloat_ssd_import/subil_padmetal/layout as STRUCTURE subil_padmetal.
INFO (XSTRM-223): 174. Translating cellView dlfloat_ssd_import/subil_pad/layout as STRUCTURE subil_pad.
INFO (XSTRM-223): 175. Translating cellView dlfloat_ssd_import/M3_M2$$44665900/layout as STRUCTURE M3_M2$$44665900.
INFO (XSTRM-223): 176. Translating cellView dlfloat_ssd_import/subil_pngatebuff/layout as STRUCTURE subil_pngatebuff.
INFO (XSTRM-223): 177. Translating cellView dlfloat_ssd_import/subil_pngate2buff/layout as STRUCTURE subil_pngate2buff.
INFO (XSTRM-223): 178. Translating cellView dlfloat_ssd_import/subil_pngatering/layout as STRUCTURE subil_pngatering.
INFO (XSTRM-223): 179. Translating cellView dlfloat_ssd_import/subil_pnbuff/layout as STRUCTURE subil_pnbuff.
INFO (XSTRM-223): 180. Translating cellView dlfloat_ssd_import/VCELLA23/layout as STRUCTURE VCELLA23.
INFO (XSTRM-223): 181. Translating cellView dlfloat_ssd_import/subil_ppolyres/layout as STRUCTURE subil_ppolyres.
INFO (XSTRM-223): 182. Translating cellView dlfloat_ssd_import/subil_pbbuffcon/layout as STRUCTURE subil_pbbuffcon.
INFO (XSTRM-223): 183. Translating cellView dlfloat_ssd_import/subil_powermetal/layout as STRUCTURE subil_powermetal.
INFO (XSTRM-223): 184. Translating cellView dlfloat_ssd_import/subil_iorule/layout as STRUCTURE subil_iorule.
INFO (XSTRM-223): 185. Translating cellView dlfloat_ssd_import/subil_ppgate2buffend/layout as STRUCTURE subil_ppgate2buffend.
INFO (XSTRM-223): 186. Translating cellView dlfloat_ssd_import/subil_ppgatebotring/layout as STRUCTURE subil_ppgatebotring.
INFO (XSTRM-223): 187. Translating cellView dlfloat_ssd_import/subil_ppgatebuff/layout as STRUCTURE subil_ppgatebuff.
INFO (XSTRM-223): 188. Translating cellView dlfloat_ssd_import/subil_ppgate2buff/layout as STRUCTURE subil_ppgate2buff.
INFO (XSTRM-223): 189. Translating cellView dlfloat_ssd_import/subil_ppgate2bufftop/layout as STRUCTURE subil_ppgate2bufftop.
INFO (XSTRM-223): 190. Translating cellView dlfloat_ssd_import/subil_ppgatering/layout as STRUCTURE subil_ppgatering.
INFO (XSTRM-223): 191. Translating cellView dlfloat_ssd_import/subil_ppbuff/layout as STRUCTURE subil_ppbuff.
INFO (XSTRM-223): 192. Translating cellView dlfloat_ssd_import/VCELLA42/layout as STRUCTURE VCELLA42.
INFO (XSTRM-223): 193. Translating cellView dlfloat_ssd_import/pc3d01/layout as STRUCTURE pc3d01.
INFO (XSTRM-223): 194. Translating cellView dlfloat_ssd_import/subil_pobuffcon/layout as STRUCTURE subil_pobuffcon.
INFO (XSTRM-223): 195. Translating cellView dlfloat_ssd_import/subil_p3obulkcon/layout as STRUCTURE subil_p3obulkcon.
INFO (XSTRM-223): 196. Translating cellView dlfloat_ssd_import/subil_poblockcell/layout as STRUCTURE subil_poblockcell.
INFO (XSTRM-223): 197. Translating cellView dlfloat_ssd_import/subil_ppwellbiaso03/layout as STRUCTURE subil_ppwellbiaso03.
INFO (XSTRM-223): 198. Translating cellView dlfloat_ssd_import/subil_slewrate1/layout as STRUCTURE subil_slewrate1.
INFO (XSTRM-223): 199. Translating cellView dlfloat_ssd_import/subil_invert/layout as STRUCTURE subil_invert.
INFO (XSTRM-223): 200. Translating cellView dlfloat_ssd_import/subil_slewrate05/layout as STRUCTURE subil_slewrate05.
INFO (XSTRM-223): 201. Translating cellView dlfloat_ssd_import/subil_levelshiftio/layout as STRUCTURE subil_levelshiftio.
INFO (XSTRM-223): 202. Translating cellView dlfloat_ssd_import/subil_p100vdd/layout as STRUCTURE subil_p100vdd.
INFO (XSTRM-223): 203. Translating cellView dlfloat_ssd_import/subil_vddcello/layout as STRUCTURE subil_vddcello.
INFO (XSTRM-223): 204. Translating cellView dlfloat_ssd_import/subil_ppdriveo/layout as STRUCTURE subil_ppdriveo.
INFO (XSTRM-223): 205. Translating cellView dlfloat_ssd_import/M1_PO$$46611500/layout as STRUCTURE M1_PO$$46611500.
INFO (XSTRM-223): 206. Translating cellView dlfloat_ssd_import/subil_pp18oencntl5/layout as STRUCTURE subil_pp18oencntl5.
INFO (XSTRM-223): 207. Translating cellView dlfloat_ssd_import/subil_podrive05/layout as STRUCTURE subil_podrive05.
INFO (XSTRM-223): 208. Translating cellView dlfloat_ssd_import/M3_M2$$46618668/layout as STRUCTURE M3_M2$$46618668.
INFO (XSTRM-223): 209. Translating cellView dlfloat_ssd_import/subil_pco05con/layout as STRUCTURE subil_pco05con.
INFO (XSTRM-223): 210. Translating cellView dlfloat_ssd_import/VCELLA25/layout as STRUCTURE VCELLA25.
INFO (XSTRM-223): 211. Translating cellView dlfloat_ssd_import/VCELLA31/layout as STRUCTURE VCELLA31.
INFO (XSTRM-223): 212. Translating cellView dlfloat_ssd_import/pc3o05/layout as STRUCTURE pc3o05.
INFO (XSTRM-223): 213. Translating cellView dlfloat_ssd_import/subil_pviblockcell/layout as STRUCTURE subil_pviblockcell.
INFO (XSTRM-223): 214. Translating cellView dlfloat_ssd_import/subil_pngatebuff_ESD122/layout as STRUCTURE subil_pngatebuff_ESD122.
INFO (XSTRM-223): 215. Translating cellView dlfloat_ssd_import/subil_pngate2buff_ESD122/layout as STRUCTURE subil_pngate2buff_ESD122.
INFO (XSTRM-223): 216. Translating cellView dlfloat_ssd_import/subil_pngatering22/layout as STRUCTURE subil_pngatering22.
INFO (XSTRM-223): 217. Translating cellView dlfloat_ssd_import/subil_pnbuff_ESD122/layout as STRUCTURE subil_pnbuff_ESD122.
INFO (XSTRM-223): 218. Translating cellView dlfloat_ssd_import/subil_iorulepower/layout as STRUCTURE subil_iorulepower.
INFO (XSTRM-223): 219. Translating cellView dlfloat_ssd_import/subil_ppgatebuffpower_0di_ESD22/layout as STRUCTURE subil_ppgatebuffpower_0di_ESD22.
INFO (XSTRM-223): 220. Translating cellView dlfloat_ssd_import/subil_ppgate2buffpower_0di_ESD22/layout as STRUCTURE subil_ppgate2buffpower_0di_ESD22.
INFO (XSTRM-223): 221. Translating cellView dlfloat_ssd_import/subil_ppgatebotringpower_0di/layout as STRUCTURE subil_ppgatebotringpower_0di.
INFO (XSTRM-223): 222. Translating cellView dlfloat_ssd_import/subil_ppgateringpower_0di/layout as STRUCTURE subil_ppgateringpower_0di.
INFO (XSTRM-223): 223. Translating cellView dlfloat_ssd_import/subil_ppbuffpower_0di_ESD22/layout as STRUCTURE subil_ppbuffpower_0di_ESD22.
INFO (XSTRM-223): 224. Translating cellView dlfloat_ssd_import/subil_presistorpower/layout as STRUCTURE subil_presistorpower.
INFO (XSTRM-223): 225. Translating cellView dlfloat_ssd_import/subil_powerbasecon_ESD/layout as STRUCTURE subil_powerbasecon_ESD.
INFO (XSTRM-223): 226. Translating cellView dlfloat_ssd_import/subil_powermetalring_ESD1/layout as STRUCTURE subil_powermetalring_ESD1.
INFO (XSTRM-223): 227. Translating cellView dlfloat_ssd_import/subil_pdiodepower/layout as STRUCTURE subil_pdiodepower.
INFO (XSTRM-223): 228. Translating cellView dlfloat_ssd_import/subil_m_via_546/layout as STRUCTURE subil_m_via_546.
INFO (XSTRM-223): 229. Translating cellView dlfloat_ssd_import/subil_m_via2_545/layout as STRUCTURE subil_m_via2_545.
INFO (XSTRM-223): 230. Translating cellView dlfloat_ssd_import/cnwnmos_thn2t$$44657708/layout as STRUCTURE cnwnmos_thn2t$$44657708.
INFO (XSTRM-223): 231. Translating cellView dlfloat_ssd_import/subil_pcappower/layout as STRUCTURE subil_pcappower.
INFO (XSTRM-223): 232. Translating cellView dlfloat_ssd_import/subil_powerbase_1/layout as STRUCTURE subil_powerbase_1.
INFO (XSTRM-223): 233. Translating cellView dlfloat_ssd_import/subil_powerbase_ESD1/layout as STRUCTURE subil_powerbase_ESD1.
INFO (XSTRM-223): 234. Translating cellView dlfloat_ssd_import/subil_pvdicon_ESD/layout as STRUCTURE subil_pvdicon_ESD.
INFO (XSTRM-223): 235. Translating cellView dlfloat_ssd_import/pvdi/layout as STRUCTURE pvdi.
INFO (XSTRM-223): 236. Translating cellView dlfloat_ssd_import/subil_pngatebuff_ESD22/layout as STRUCTURE subil_pngatebuff_ESD22.
INFO (XSTRM-223): 237. Translating cellView dlfloat_ssd_import/subil_pngate2buff_ESD22/layout as STRUCTURE subil_pngate2buff_ESD22.
INFO (XSTRM-223): 238. Translating cellView dlfloat_ssd_import/subil_pngatering_ESD22/layout as STRUCTURE subil_pngatering_ESD22.
INFO (XSTRM-223): 239. Translating cellView dlfloat_ssd_import/subil_pnbuff_ESD22/layout as STRUCTURE subil_pnbuff_ESD22.
INFO (XSTRM-223): 240. Translating cellView dlfloat_ssd_import/subil_powermetalring_ESD2/layout as STRUCTURE subil_powermetalring_ESD2.
INFO (XSTRM-223): 241. Translating cellView dlfloat_ssd_import/subil_powerbase_ESD2/layout as STRUCTURE subil_powerbase_ESD2.
INFO (XSTRM-223): 242. Translating cellView dlfloat_ssd_import/subil_powerbaseconvsso_ESD1/layout as STRUCTURE subil_powerbaseconvsso_ESD1.
INFO (XSTRM-223): 243. Translating cellView dlfloat_ssd_import/subil_4via_ESD/layout as STRUCTURE subil_4via_ESD.
INFO (XSTRM-223): 244. Translating cellView dlfloat_ssd_import/subil_pv0icon_ESD/layout as STRUCTURE subil_pv0icon_ESD.
INFO (XSTRM-223): 245. Translating cellView dlfloat_ssd_import/pv0i/layout as STRUCTURE pv0i.
INFO (XSTRM-223): 246. Translating cellView dlfloat_ssd_import/subil_pvblockcell/layout as STRUCTURE subil_pvblockcell.
INFO (XSTRM-223): 247. Translating cellView dlfloat_ssd_import/subil_pngatebuff_ESD1/layout as STRUCTURE subil_pngatebuff_ESD1.
INFO (XSTRM-223): 248. Translating cellView dlfloat_ssd_import/subil_pngate2buff_ESD1/layout as STRUCTURE subil_pngate2buff_ESD1.
INFO (XSTRM-223): 249. Translating cellView dlfloat_ssd_import/subil_pnbuff_ESD1/layout as STRUCTURE subil_pnbuff_ESD1.
INFO (XSTRM-223): 250. Translating cellView dlfloat_ssd_import/subil_ppgatebotringpower/layout as STRUCTURE subil_ppgatebotringpower.
INFO (XSTRM-223): 251. Translating cellView dlfloat_ssd_import/subil_ppgatebuffpower/layout as STRUCTURE subil_ppgatebuffpower.
INFO (XSTRM-223): 252. Translating cellView dlfloat_ssd_import/subil_ppgate2buffpower/layout as STRUCTURE subil_ppgate2buffpower.
INFO (XSTRM-223): 253. Translating cellView dlfloat_ssd_import/subil_ppgateringpower/layout as STRUCTURE subil_ppgateringpower.
INFO (XSTRM-223): 254. Translating cellView dlfloat_ssd_import/subil_ppbuffpower/layout as STRUCTURE subil_ppbuffpower.
INFO (XSTRM-223): 255. Translating cellView dlfloat_ssd_import/subil_pvdacon_ESD/layout as STRUCTURE subil_pvdacon_ESD.
INFO (XSTRM-223): 256. Translating cellView dlfloat_ssd_import/subil_powerbasevsso/layout as STRUCTURE subil_powerbasevsso.
INFO (XSTRM-223): 257. Translating cellView dlfloat_ssd_import/subil_powermetalring/layout as STRUCTURE subil_powermetalring.
INFO (XSTRM-223): 258. Translating cellView dlfloat_ssd_import/pvda/layout as STRUCTURE pvda.
INFO (XSTRM-223): 259. Translating cellView dlfloat_ssd_import/subil_pngatebuff_ESD/layout as STRUCTURE subil_pngatebuff_ESD.
INFO (XSTRM-223): 260. Translating cellView dlfloat_ssd_import/subil_pngate2buff_ESD/layout as STRUCTURE subil_pngate2buff_ESD.
INFO (XSTRM-223): 261. Translating cellView dlfloat_ssd_import/subil_pnbuff_ESD/layout as STRUCTURE subil_pnbuff_ESD.
INFO (XSTRM-223): 262. Translating cellView dlfloat_ssd_import/subil_powerbasevsso_ESD/layout as STRUCTURE subil_powerbasevsso_ESD.
INFO (XSTRM-223): 263. Translating cellView dlfloat_ssd_import/subil_powermetalring_ESD/layout as STRUCTURE subil_powermetalring_ESD.
INFO (XSTRM-223): 264. Translating cellView dlfloat_ssd_import/subil_powerbaseconvsso_ESD/layout as STRUCTURE subil_powerbaseconvsso_ESD.
INFO (XSTRM-223): 265. Translating cellView dlfloat_ssd_import/subil_pv0acon_ESD/layout as STRUCTURE subil_pv0acon_ESD.
INFO (XSTRM-223): 266. Translating cellView dlfloat_ssd_import/pv0a/layout as STRUCTURE pv0a.
INFO (XSTRM-223): 267. Translating cellView dlfloat_ssd_import/subil_midconer2/layout as STRUCTURE subil_midconer2.
INFO (XSTRM-223): 268. Translating cellView dlfloat_ssd_import/pfrelr/layout as STRUCTURE pfrelr.
INFO (XSTRM-223): 269. Translating cellView dlfloat_ssd_import/pfeed30000/layout as STRUCTURE pfeed30000.
INFO (XSTRM-223): 270. Translating cellView dlfloat_ssd_import/pfeed10000/layout as STRUCTURE pfeed10000.
INFO (XSTRM-223): 271. Translating cellView dlfloat_ssd_import/pfeed02000/layout as STRUCTURE pfeed02000.
INFO (XSTRM-223): 272. Translating cellView dlfloat_ssd_import/pfeed01000/layout as STRUCTURE pfeed01000.
INFO (XSTRM-223): 273. Translating cellView dlfloat_ssd_import/pfeed00010/layout as STRUCTURE pfeed00010.
INFO (XSTRM-223): 274. Translating cellView dlfloat_ssd_import/pfeed00120/layout as STRUCTURE pfeed00120.
INFO (XSTRM-223): 275. Translating cellView dlfloat_ssd_import/pfeed00040/layout as STRUCTURE pfeed00040.
INFO (XSTRM-223): 276. Translating cellView dlfloat_ssd_import/feedth9/layout as STRUCTURE feedth9.
INFO (XSTRM-223): 277. Translating cellView dlfloat_ssd_import/feedth3/layout as STRUCTURE feedth3.
INFO (XSTRM-223): 278. Translating cellView dlfloat_ssd_import/feedth/layout as STRUCTURE feedth.
INFO (XSTRM-223): 279. Translating cellView dlfloat_ssd_import/V2_cross/layout as STRUCTURE V2_cross.
INFO (XSTRM-223): 280. Translating cellView dlfloat_ssd_import/V3/layout as STRUCTURE V3.
INFO (XSTRM-223): 281. Translating cellView dlfloat_ssd_import/V3_cross/layout as STRUCTURE V3_cross.
INFO (XSTRM-223): 282. Translating cellView dlfloat_ssd_import/V2/layout as STRUCTURE V2.
INFO (XSTRM-223): 283. Translating cellView dlfloat_ssd_import/VL/layout as STRUCTURE VL.
INFO (XSTRM-223): 284. Translating cellView dlfloat_ssd_import/dl_float_VIA0/layout as STRUCTURE dl_float_VIA0.
INFO (XSTRM-223): 285. Translating cellView dlfloat_ssd_import/dl_float_VIA1/layout as STRUCTURE dl_float_VIA1.
INFO (XSTRM-223): 286. Translating cellView dlfloat_ssd_import/dl_float_VIA2/layout as STRUCTURE dl_float_VIA2.
INFO (XSTRM-223): 287. Translating cellView dlfloat_ssd_import/dl_float_VIA3/layout as STRUCTURE dl_float_VIA3.
INFO (XSTRM-223): 288. Translating cellView dlfloat_ssd_import/dl_float_VIA4/layout as STRUCTURE dl_float_VIA4.
INFO (XSTRM-223): 289. Translating cellView dlfloat_ssd_import/dl_float_VIA5/layout as STRUCTURE dl_float_VIA5.
INFO (XSTRM-223): 290. Translating cellView dlfloat_ssd_import/dl_float_VIA6/layout as STRUCTURE dl_float_VIA6.
INFO (XSTRM-223): 291. Translating cellView dlfloat_ssd_import/dl_float_VIA7/layout as STRUCTURE dl_float_VIA7.
INFO (XSTRM-223): 292. Translating cellView dlfloat_ssd_import/dl_float_VIA8/layout as STRUCTURE dl_float_VIA8.
INFO (XSTRM-223): 293. Translating cellView dlfloat_ssd_import/dl_float_VIA9/layout as STRUCTURE dl_float_VIA9.
INFO (XSTRM-223): 294. Translating cellView dlfloat_ssd_import/dl_float_VIA10/layout as STRUCTURE dl_float_VIA10.
INFO (XSTRM-223): 295. Translating cellView dlfloat_ssd_import/dl_float_VIA11/layout as STRUCTURE dl_float_VIA11.
INFO (XSTRM-223): 296. Translating cellView dlfloat_ssd_import/dl_float_VIA12/layout as STRUCTURE dl_float_VIA12.
INFO (XSTRM-223): 297. Translating cellView dlfloat_ssd_import/dl_float_VIA13/layout as STRUCTURE dl_float_VIA13.
INFO (XSTRM-223): 298. Translating cellView dlfloat_ssd_import/dl_float_VIA14/layout as STRUCTURE dl_float_VIA14.
INFO (XSTRM-223): 299. Translating cellView dlfloat_ssd_import/dl_float_VIA15/layout as STRUCTURE dl_float_VIA15.
INFO (XSTRM-223): 300. Translating cellView dlfloat_ssd_import/dl_float_VIA16/layout as STRUCTURE dl_float_VIA16.
INFO (XSTRM-223): 301. Translating cellView dlfloat_ssd_import/dl_float_VIA17/layout as STRUCTURE dl_float_VIA17.
INFO (XSTRM-223): 302. Translating cellView dlfloat_ssd_import/dl_float/layout as STRUCTURE dl_float.
INFO (XSTRM-223): 303. Translating cellView ssd_import/SCL18_Seal_ring_4M1L_a0/layout as STRUCTURE SCL18_Seal_ring_4M1L_a0.
INFO (XSTRM-223): 304. Translating cellView C2S0110_S/PCI_cross_E_PM_a1$1/layout as STRUCTURE PCI_cross_E_PM_a1$1.
INFO (XSTRM-223): 305. Translating cellView C2S0110_S/PCI_cross_D_PM_a1$1/layout as STRUCTURE PCI_cross_D_PM_a1$1.
INFO (XSTRM-223): 306. Translating cellView C2S0110_S/PCI_cross_B_NOVF_a2$1/layout as STRUCTURE PCI_cross_B_NOVF_a2$1.
INFO (XSTRM-223): 307. Translating cellView C2S0110_S/PCI_cross_A_NOMF_a0$1/layout as STRUCTURE PCI_cross_A_NOMF_a0$1.
INFO (XSTRM-223): 308. Translating cellView C2S0110_S/PCI_cross_C$1/layout as STRUCTURE PCI_cross_C$1.
INFO (XSTRM-223): 309. Translating cellView C2S0110_S/SCL18SL_PCI_PM_NOMF_a2/layout as STRUCTURE SCL18SL_PCI_PM_NOMF_a2.
INFO (XSTRM-223): 310. Translating cellView C2S0110_S/char_l0/layout as STRUCTURE char_l0.
INFO (XSTRM-223): 311. Translating cellView C2S0110_S/char_lS/layout as STRUCTURE char_lS.
INFO (XSTRM-223): 312. Translating cellView C2S0110_S/char_lC/layout as STRUCTURE char_lC.
INFO (XSTRM-223): 313. Translating cellView C2S0110_S/char_l1/layout as STRUCTURE char_l1.
INFO (XSTRM-223): 314. Translating cellView C2S0110_S/char_l2/layout as STRUCTURE char_l2.
INFO (XSTRM-223): 315. Translating cellView C2S0110_S/SN_CS110_S/layout as STRUCTURE SN_CS110_S.
INFO (XSTRM-223): 316. Translating cellView C2S0110_S/C2S0110_S/layout as STRUCTURE C2S0110_S.
INFO (XSTRM-223): 317. Translating cellView ssd_place_in_design/dlfloat_seal_si/layout as STRUCTURE dlfloat_seal_si.
WARNING (XSTRM-145): The structure name 'dlfloat_seal_si' has been changed to 'dlfloat_seal_si_0' by the translator. This could be because multiple cells with the same cell name exist in different libraries, the same cell name has been mapped to multiple cell names, or the cell name length is greater than the '32' that was specified using the '-respectGDSIINameLimit' or '-gdsCellNameLength' option.
INFO (XSTRM-223): 318. Translating cellView dlfloat_with_dummy/dlfloat_seal_si/layout as STRUCTURE dlfloat_seal_si_0.
INFO (XSTRM-223): 319. Translating cellView dlfloat_with_dummy/C2S0110/layout as STRUCTURE C2S0110.

Summary of Objects Translated:
	Scalar Instances:                       272572
	Array Instances:                        0
	Polygons:                               3881
	Paths:                                  142993
	Rectangles:                             159859
	Lines:                                  0
	Arcs:                                   0
	Donuts:                                 0
	Dots:                                   0
	Ellipses:                               0
	Boundaries:                             0
	Area Blockages:                         0
	Layer Blockages:                        0
	Area Halos:                             0
	Markers:                                0
	Rows:                                   0
	Standard Vias                           0
	Custom Vias:                            0
	CdsGen Vias:                            0
	Pathsegs:                               0
	Text:                                   20451
	TextDisplay:                            0
	Cells:                                  319

Elapsed Time: 1.8s   User Time: 0.5s   CPU Time: 0.1s   Peak VM: 46040KB
INFO (XSTRM-234): Translation completed. '0' error(s) and '1' warning(s) found.
